<?xml version="1.0" encoding="UTF-8"?>
<!-- Generated by org.testng.reporters.JUnitXMLReporter -->
<testsuite hostname="DESKTOP-N0P4MRI" ignored="0" name="Basic Tests" tests="6" failures="0" timestamp="16 Feb 2022 06:29:54 GMT" time="0.031" errors="0">
  <testcase name="LoginviaEmail" time="0.015" classname="com.learningTestNG.LoginTest"/>
  <testcase name="LoginviaFacebook" time="0.0" classname="com.learningTestNG.LoginTest"/>
  <testcase name="LoginviaTwitter" time="0.0" classname="com.learningTestNG.LoginTest"/>
  <testcase name="SignUpviaEmail" time="0.0" classname="com.learningTestNG.SignUpTest"/>
  <testcase name="SignUpviaFacebook" time="0.0" classname="com.learningTestNG.SignUpTest"/>
  <testcase name="SignUpviaTwitter" time="0.0" classname="com.learningTestNG.SignUpTest"/>
</testsuite> <!-- Basic Tests -->
