<?xml version="1.0" encoding="UTF-8"?>
<testng-results skipped="0" failed="0" ignored="0" total="2" passed="2">
  <reporter-output>
  </reporter-output>
  <suite name="Default suite" duration-ms="66" started-at="2022-03-18T03:43:11Z" finished-at="2022-03-18T03:43:11Z">
    <groups>
    </groups>
    <test name="Default test" duration-ms="66" started-at="2022-03-18T03:43:11Z" finished-at="2022-03-18T03:43:11Z">
      <class name="com.learningTestNG.PaymentTeat">
        <test-method status="PASS" signature="PaymentInDollar()[pri:0, instance:com.learningTestNG.PaymentTeat@5f375618]" name="PaymentInDollar" duration-ms="15" started-at="2022-03-18T09:13:11Z" finished-at="2022-03-18T09:13:11Z">
          <reporter-output>
          </reporter-output>
        </test-method> <!-- PaymentInDollar -->
        <test-method status="PASS" signature="PaymentInRupee()[pri:0, instance:com.learningTestNG.PaymentTeat@5f375618]" name="PaymentInRupee" duration-ms="1" started-at="2022-03-18T09:13:11Z" finished-at="2022-03-18T09:13:11Z">
          <reporter-output>
          </reporter-output>
        </test-method> <!-- PaymentInRupee -->
      </class> <!-- com.learningTestNG.PaymentTeat -->
    </test> <!-- Default test -->
  </suite> <!-- Default suite -->
</testng-results>
