<?xml version="1.0" encoding="UTF-8"?>
<!-- Generated by org.testng.reporters.JUnitXMLReporter -->
<testsuite hostname="DESKTOP-N0P4MRI" ignored="0" name="Basic Tests" tests="3" failures="0" timestamp="16 Feb 2022 06:29:54 GMT" time="0.016" errors="0">
  <testcase name="PaymentInDollar" time="0.016" classname="com.learningTestNG.PaymentTeat"/>
  <testcase name="PaymentInRupee" time="0.0" classname="com.learningTestNG.PaymentTeat"/>
  <testcase name="paymentReturnedByBank" time="0.0" classname="com.learningTestNG.PaymentReturn"/>
</testsuite> <!-- Basic Tests -->
