<?xml version="1.0" encoding="UTF-8"?>
<!-- Generated by org.testng.reporters.JUnitXMLReporter -->
<testsuite hostname="DESKTOP-N0P4MRI" ignored="2" name="GroupingTest" tests="1" failures="0" timestamp="18 Feb 2022 13:31:20 GMT" time="0.032" errors="0">
  <testcase name="feature1" time="0.016" classname="com.learningTestNG.TestNG_Grouping"/>
  <testcase name="feature2" time="0.0" classname="com.learningTestNG.TestNG_Grouping">
    <ignored/>
  </testcase> <!-- feature2 -->
  <testcase name="feature3" time="0.0" classname="com.learningTestNG.TestNG_Grouping">
    <ignored/>
  </testcase> <!-- feature3 -->
</testsuite> <!-- GroupingTest -->
